2026-01-28 17:19:29,453 - content_catalog.app - INFO - Registered auth blueprint at /admin/api
2026-01-28 17:19:29,454 - content_catalog.app - INFO - Registered users blueprint at /api/v1/users
2026-01-28 17:19:29,455 - content_catalog.app - INFO - Registered organizations blueprint at /api/v1/organizations
2026-01-28 17:19:29,457 - content_catalog.app - INFO - Registered assets blueprint at /api/v1/assets
2026-01-28 17:19:29,457 - content_catalog.app - INFO - Registered approved_assets blueprint at /api/v1/approved-assets
2026-01-28 17:19:29,457 - content_catalog.app - INFO - Registered invitations blueprint at /api/v1/invitations
2026-01-28 17:19:29,458 - content_catalog.app - INFO - Registered approvals blueprint at /api/v1/approvals
2026-01-28 17:19:29,458 - content_catalog.app - INFO - Registered audit blueprint at /admin/api/audit-logs
2026-01-28 17:19:29,458 - content_catalog.app - INFO - Registered audit_admin blueprint at /admin/api
2026-01-28 17:19:29,458 - content_catalog.app - DEBUG - Catalog blueprint not available yet
2026-01-28 17:19:29,460 - content_catalog.app - INFO - Registered catalogs blueprint at /api/v1/catalogs
2026-01-28 17:19:29,460 - content_catalog.app - INFO - Registered tenants blueprint at /api/v1/tenants
2026-01-28 17:19:29,464 - content_catalog.app - INFO - Registered admin web blueprint at /admin
2026-01-28 17:19:29,466 - content_catalog.app - INFO - Registered partner web blueprint at /partner
2026-01-28 17:19:29,467 - content_catalog.app - INFO - Registered magic_link blueprint at /
2026-01-28 17:26:42,644 - app - INFO - Registered auth blueprint at /admin/api
2026-01-28 17:26:42,645 - app - INFO - Registered users blueprint at /api/v1/users
2026-01-28 17:26:42,646 - app - INFO - Registered organizations blueprint at /api/v1/organizations
2026-01-28 17:26:42,649 - app - INFO - Registered assets blueprint at /api/v1/assets
2026-01-28 17:26:42,649 - app - INFO - Registered approved_assets blueprint at /api/v1/approved-assets
2026-01-28 17:26:42,649 - app - INFO - Registered invitations blueprint at /api/v1/invitations
2026-01-28 17:26:42,650 - app - INFO - Registered approvals blueprint at /api/v1/approvals
2026-01-28 17:26:42,650 - app - INFO - Registered audit blueprint at /admin/api/audit-logs
2026-01-28 17:26:42,650 - app - INFO - Registered audit_admin blueprint at /admin/api
2026-01-28 17:26:42,650 - app - DEBUG - Catalog blueprint not available yet
2026-01-28 17:26:42,651 - app - INFO - Registered catalogs blueprint at /api/v1/catalogs
2026-01-28 17:26:42,652 - app - INFO - Registered tenants blueprint at /api/v1/tenants
2026-01-28 17:26:42,656 - app - INFO - Registered admin web blueprint at /admin
2026-01-28 17:26:42,658 - app - INFO - Registered partner web blueprint at /partner
2026-01-28 17:26:42,658 - app - INFO - Registered magic_link blueprint at /
2026-01-28 17:26:42,873 - app - INFO - Registered auth blueprint at /admin/api
2026-01-28 17:26:42,874 - app - INFO - Registered users blueprint at /api/v1/users
2026-01-28 17:26:42,875 - app - INFO - Registered organizations blueprint at /api/v1/organizations
2026-01-28 17:26:42,877 - app - INFO - Registered assets blueprint at /api/v1/assets
2026-01-28 17:26:42,877 - app - INFO - Registered approved_assets blueprint at /api/v1/approved-assets
2026-01-28 17:26:42,877 - app - INFO - Registered invitations blueprint at /api/v1/invitations
2026-01-28 17:26:42,878 - app - INFO - Registered approvals blueprint at /api/v1/approvals
2026-01-28 17:26:42,878 - app - INFO - Registered audit blueprint at /admin/api/audit-logs
2026-01-28 17:26:42,878 - app - INFO - Registered audit_admin blueprint at /admin/api
2026-01-28 17:26:42,878 - app - DEBUG - Catalog blueprint not available yet
2026-01-28 17:26:42,880 - app - INFO - Registered catalogs blueprint at /api/v1/catalogs
2026-01-28 17:26:42,880 - app - INFO - Registered tenants blueprint at /api/v1/tenants
2026-01-28 17:26:42,885 - app - INFO - Registered admin web blueprint at /admin
2026-01-28 17:26:42,887 - app - INFO - Registered partner web blueprint at /partner
2026-01-28 17:26:42,887 - app - INFO - Registered magic_link blueprint at /
2026-01-28 18:05:46,639 - app - INFO - Registered auth blueprint at /admin/api
2026-01-28 18:05:46,640 - app - INFO - Registered users blueprint at /api/v1/users
2026-01-28 18:05:46,641 - app - INFO - Registered organizations blueprint at /api/v1/organizations
2026-01-28 18:05:46,643 - app - INFO - Registered assets blueprint at /api/v1/assets
2026-01-28 18:05:46,643 - app - INFO - Registered approved_assets blueprint at /api/v1/approved-assets
2026-01-28 18:05:46,643 - app - INFO - Registered invitations blueprint at /api/v1/invitations
2026-01-28 18:05:46,644 - app - INFO - Registered approvals blueprint at /api/v1/approvals
2026-01-28 18:05:46,644 - app - INFO - Registered audit blueprint at /admin/api/audit-logs
2026-01-28 18:05:46,644 - app - INFO - Registered audit_admin blueprint at /admin/api
2026-01-28 18:05:46,644 - app - DEBUG - Catalog blueprint not available yet
2026-01-28 18:05:46,646 - app - INFO - Registered catalogs blueprint at /api/v1/catalogs
2026-01-28 18:05:46,646 - app - INFO - Registered tenants blueprint at /api/v1/tenants
2026-01-28 18:05:46,650 - app - INFO - Registered admin web blueprint at /admin
2026-01-28 18:05:46,652 - app - INFO - Registered partner web blueprint at /partner
2026-01-28 18:05:46,653 - app - INFO - Registered magic_link blueprint at /
